<?xml version="1.0" encoding="UTF-8"?>
<testng-results ignored="0" total="1" passed="1" failed="0" skipped="0">
  <reporter-output>
  </reporter-output>
  <suite started-at="2021-05-07T12:25:31 PDT" name="Default suite" finished-at="2021-05-07T12:25:31 PDT" duration-ms="161">
    <groups>
    </groups>
    <test started-at="2021-05-07T12:25:31 PDT" name="Default test" finished-at="2021-05-07T12:25:31 PDT" duration-ms="161">
      <class name="com.testscrips.TestJavaFile">
        <test-method signature="testSonar()[pri:0, instance:com.testscrips.TestJavaFile@558b4942]" started-at="2021-05-07T12:25:31 PDT" name="testSonar" finished-at="2021-05-07T12:25:31 PDT" duration-ms="33" status="PASS">
          <reporter-output>
          </reporter-output>
        </test-method> <!-- testSonar -->
      </class> <!-- com.testscrips.TestJavaFile -->
    </test> <!-- Default test -->
  </suite> <!-- Default suite -->
</testng-results>
